============================= test session starts =============================
platform win32 -- Python 3.10.3, pytest-8.4.0, pluggy-1.6.0 -- C:\Users\Student\AppData\Local\Programs\Python\Python310\python.exe
cachedir: .pytest_cache
rootdir: D:\SC2 Bot\B0B
configfile: pytest.ini
plugins: asyncio-1.0.0
asyncio: mode=auto, asyncio_default_fixture_loop_scope=None, asyncio_default_test_loop_scope=function
collecting ... collected 1 item

tests/test_hello.py::test_hello HELLO FROM TEST
PASSED

============================== 1 passed in 0.13s ==============================
